2023-11-08T10:25:10.529+01:00  INFO 74884 --- [restartedMain] org.emmek.beu2w2d3.EpicodeApplication    : Starting EpicodeApplication using Java 20.0.2 with PID 74884 (/home/kutch/IdeaProjects/be-u2-w2-d3/target/classes started by kutch in /home/kutch/IdeaProjects/be-u2-w2-d3)
2023-11-08T10:25:10.530+01:00 DEBUG 74884 --- [restartedMain] org.emmek.beu2w2d3.EpicodeApplication    : Running with Spring Boot v3.1.5, Spring v6.0.13
2023-11-08T10:25:10.531+01:00  INFO 74884 --- [restartedMain] org.emmek.beu2w2d3.EpicodeApplication    : The following 1 profile is active: "dev"
2023-11-08T10:25:12.864+01:00  WARN 74884 --- [restartedMain] JpaBaseConfiguration$JpaWebConfiguration : spring.jpa.open-in-view is enabled by default. Therefore, database queries may be performed during view rendering. Explicitly configure spring.jpa.open-in-view to disable this warning
2023-11-08T10:25:13.310+01:00  INFO 74884 --- [restartedMain] org.emmek.beu2w2d3.EpicodeApplication    : Started EpicodeApplication in 3.382 seconds (process running for 4.354)
2023-11-08T10:25:44.849+01:00  INFO 75357 --- [restartedMain] org.emmek.beu2w2d3.EpicodeApplication    : Starting EpicodeApplication using Java 20.0.2 with PID 75357 (/home/kutch/IdeaProjects/be-u2-w2-d3/target/classes started by kutch in /home/kutch/IdeaProjects/be-u2-w2-d3)
2023-11-08T10:25:44.853+01:00 DEBUG 75357 --- [restartedMain] org.emmek.beu2w2d3.EpicodeApplication    : Running with Spring Boot v3.1.5, Spring v6.0.13
2023-11-08T10:25:44.854+01:00  INFO 75357 --- [restartedMain] org.emmek.beu2w2d3.EpicodeApplication    : The following 1 profile is active: "dev"
2023-11-08T10:25:46.341+01:00  INFO 75357 --- [restartedMain] o.hibernate.jpa.internal.util.LogHelper  : HHH000204: Processing PersistenceUnitInfo [name: default]
2023-11-08T10:25:46.390+01:00  INFO 75357 --- [restartedMain] org.hibernate.Version                    : HHH000412: Hibernate ORM core version 6.2.13.Final
2023-11-08T10:25:46.392+01:00  INFO 75357 --- [restartedMain] org.hibernate.cfg.Environment            : HHH000406: Using bytecode reflection optimizer
2023-11-08T10:25:47.166+01:00  INFO 75357 --- [restartedMain] o.h.e.t.j.p.i.JtaPlatformInitiator       : HHH000489: No JTA platform available (set 'hibernate.transaction.jta.platform' to enable JTA platform integration)
2023-11-08T10:25:47.228+01:00  WARN 75357 --- [restartedMain] JpaBaseConfiguration$JpaWebConfiguration : spring.jpa.open-in-view is enabled by default. Therefore, database queries may be performed during view rendering. Explicitly configure spring.jpa.open-in-view to disable this warning
2023-11-08T10:25:47.631+01:00  INFO 75357 --- [restartedMain] org.emmek.beu2w2d3.EpicodeApplication    : Started EpicodeApplication in 3.385 seconds (process running for 4.052)
2023-11-08T10:56:22.085+01:00  INFO 94133 --- [restartedMain] org.emmek.beu2w2d3.EpicodeApplication    : Starting EpicodeApplication using Java 20.0.2 with PID 94133 (/home/kutch/IdeaProjects/be-u2-w2-d3/target/classes started by kutch in /home/kutch/IdeaProjects/be-u2-w2-d3)
2023-11-08T10:56:22.087+01:00 DEBUG 94133 --- [restartedMain] org.emmek.beu2w2d3.EpicodeApplication    : Running with Spring Boot v3.1.5, Spring v6.0.13
2023-11-08T10:56:22.088+01:00  INFO 94133 --- [restartedMain] org.emmek.beu2w2d3.EpicodeApplication    : The following 1 profile is active: "dev"
2023-11-08T10:56:23.700+01:00  INFO 94133 --- [restartedMain] o.hibernate.jpa.internal.util.LogHelper  : HHH000204: Processing PersistenceUnitInfo [name: default]
2023-11-08T10:56:23.764+01:00  INFO 94133 --- [restartedMain] org.hibernate.Version                    : HHH000412: Hibernate ORM core version 6.2.13.Final
2023-11-08T10:56:23.766+01:00  INFO 94133 --- [restartedMain] org.hibernate.cfg.Environment            : HHH000406: Using bytecode reflection optimizer
2023-11-08T10:56:25.181+01:00  INFO 94133 --- [restartedMain] o.h.e.t.j.p.i.JtaPlatformInitiator       : HHH000489: No JTA platform available (set 'hibernate.transaction.jta.platform' to enable JTA platform integration)
2023-11-08T10:56:25.288+01:00  WARN 94133 --- [restartedMain] JpaBaseConfiguration$JpaWebConfiguration : spring.jpa.open-in-view is enabled by default. Therefore, database queries may be performed during view rendering. Explicitly configure spring.jpa.open-in-view to disable this warning
2023-11-08T10:56:25.717+01:00  INFO 94133 --- [restartedMain] org.emmek.beu2w2d3.EpicodeApplication    : Started EpicodeApplication in 4.157 seconds (process running for 4.711)
2023-11-08T11:33:18.880+01:00  INFO 116458 --- [restartedMain] org.emmek.beu2w2d3.EpicodeApplication    : Starting EpicodeApplication using Java 20.0.2 with PID 116458 (/home/kutch/IdeaProjects/be-u2-w2-d3/target/classes started by kutch in /home/kutch/IdeaProjects/be-u2-w2-d3)
2023-11-08T11:33:18.882+01:00 DEBUG 116458 --- [restartedMain] org.emmek.beu2w2d3.EpicodeApplication    : Running with Spring Boot v3.1.5, Spring v6.0.13
2023-11-08T11:33:18.883+01:00  INFO 116458 --- [restartedMain] org.emmek.beu2w2d3.EpicodeApplication    : The following 1 profile is active: "dev"
2023-11-08T11:33:20.527+01:00  INFO 116458 --- [restartedMain] o.hibernate.jpa.internal.util.LogHelper  : HHH000204: Processing PersistenceUnitInfo [name: default]
2023-11-08T11:33:20.567+01:00  INFO 116458 --- [restartedMain] org.hibernate.Version                    : HHH000412: Hibernate ORM core version 6.2.13.Final
2023-11-08T11:33:20.570+01:00  INFO 116458 --- [restartedMain] org.hibernate.cfg.Environment            : HHH000406: Using bytecode reflection optimizer
2023-11-08T11:33:21.829+01:00  INFO 116458 --- [restartedMain] o.h.e.t.j.p.i.JtaPlatformInitiator       : HHH000489: No JTA platform available (set 'hibernate.transaction.jta.platform' to enable JTA platform integration)
2023-11-08T11:33:22.195+01:00  WARN 116458 --- [restartedMain] JpaBaseConfiguration$JpaWebConfiguration : spring.jpa.open-in-view is enabled by default. Therefore, database queries may be performed during view rendering. Explicitly configure spring.jpa.open-in-view to disable this warning
2023-11-08T11:33:22.557+01:00  INFO 116458 --- [restartedMain] org.emmek.beu2w2d3.EpicodeApplication    : Started EpicodeApplication in 4.234 seconds (process running for 4.776)
2023-11-08T11:35:06.679+01:00  INFO 117622 --- [restartedMain] org.emmek.beu2w2d3.EpicodeApplication    : Starting EpicodeApplication using Java 20.0.2 with PID 117622 (/home/kutch/IdeaProjects/be-u2-w2-d3/target/classes started by kutch in /home/kutch/IdeaProjects/be-u2-w2-d3)
2023-11-08T11:35:06.681+01:00 DEBUG 117622 --- [restartedMain] org.emmek.beu2w2d3.EpicodeApplication    : Running with Spring Boot v3.1.5, Spring v6.0.13
2023-11-08T11:35:06.682+01:00  INFO 117622 --- [restartedMain] org.emmek.beu2w2d3.EpicodeApplication    : The following 1 profile is active: "dev"
2023-11-08T11:35:08.460+01:00  INFO 117622 --- [restartedMain] o.hibernate.jpa.internal.util.LogHelper  : HHH000204: Processing PersistenceUnitInfo [name: default]
2023-11-08T11:35:08.506+01:00  INFO 117622 --- [restartedMain] org.hibernate.Version                    : HHH000412: Hibernate ORM core version 6.2.13.Final
2023-11-08T11:35:08.508+01:00  INFO 117622 --- [restartedMain] org.hibernate.cfg.Environment            : HHH000406: Using bytecode reflection optimizer
2023-11-08T11:35:09.841+01:00  INFO 117622 --- [restartedMain] o.h.e.t.j.p.i.JtaPlatformInitiator       : HHH000489: No JTA platform available (set 'hibernate.transaction.jta.platform' to enable JTA platform integration)
2023-11-08T11:35:10.213+01:00  WARN 117622 --- [restartedMain] JpaBaseConfiguration$JpaWebConfiguration : spring.jpa.open-in-view is enabled by default. Therefore, database queries may be performed during view rendering. Explicitly configure spring.jpa.open-in-view to disable this warning
2023-11-08T11:35:10.562+01:00  INFO 117622 --- [restartedMain] org.emmek.beu2w2d3.EpicodeApplication    : Started EpicodeApplication in 4.439 seconds (process running for 5.05)
2023-11-08T11:53:02.045+01:00  INFO 128646 --- [restartedMain] org.emmek.beu2w2d3.EpicodeApplication    : Starting EpicodeApplication using Java 20.0.2 with PID 128646 (/home/kutch/IdeaProjects/be-u2-w2-d3/target/classes started by kutch in /home/kutch/IdeaProjects/be-u2-w2-d3)
2023-11-08T11:53:02.047+01:00 DEBUG 128646 --- [restartedMain] org.emmek.beu2w2d3.EpicodeApplication    : Running with Spring Boot v3.1.5, Spring v6.0.13
2023-11-08T11:53:02.048+01:00  INFO 128646 --- [restartedMain] org.emmek.beu2w2d3.EpicodeApplication    : The following 1 profile is active: "dev"
2023-11-08T11:53:04.143+01:00  INFO 128646 --- [restartedMain] o.hibernate.jpa.internal.util.LogHelper  : HHH000204: Processing PersistenceUnitInfo [name: default]
2023-11-08T11:53:04.195+01:00  INFO 128646 --- [restartedMain] org.hibernate.Version                    : HHH000412: Hibernate ORM core version 6.2.13.Final
2023-11-08T11:53:04.198+01:00  INFO 128646 --- [restartedMain] org.hibernate.cfg.Environment            : HHH000406: Using bytecode reflection optimizer
2023-11-08T11:53:05.833+01:00  INFO 128646 --- [restartedMain] o.h.e.t.j.p.i.JtaPlatformInitiator       : HHH000489: No JTA platform available (set 'hibernate.transaction.jta.platform' to enable JTA platform integration)
2023-11-08T11:53:06.209+01:00  WARN 128646 --- [restartedMain] JpaBaseConfiguration$JpaWebConfiguration : spring.jpa.open-in-view is enabled by default. Therefore, database queries may be performed during view rendering. Explicitly configure spring.jpa.open-in-view to disable this warning
2023-11-08T11:53:06.581+01:00  INFO 128646 --- [restartedMain] org.emmek.beu2w2d3.EpicodeApplication    : Started EpicodeApplication in 5.082 seconds (process running for 5.634)
2023-11-08T11:53:58.176+01:00  INFO 128646 --- [restartedMain] org.emmek.beu2w2d3.EpicodeApplication    : Starting EpicodeApplication using Java 20.0.2 with PID 128646 (/home/kutch/IdeaProjects/be-u2-w2-d3/target/classes started by kutch in /home/kutch/IdeaProjects/be-u2-w2-d3)
2023-11-08T11:53:58.177+01:00 DEBUG 128646 --- [restartedMain] org.emmek.beu2w2d3.EpicodeApplication    : Running with Spring Boot v3.1.5, Spring v6.0.13
2023-11-08T11:53:58.177+01:00  INFO 128646 --- [restartedMain] org.emmek.beu2w2d3.EpicodeApplication    : The following 1 profile is active: "dev"
2023-11-08T11:53:58.652+01:00  INFO 128646 --- [restartedMain] o.hibernate.jpa.internal.util.LogHelper  : HHH000204: Processing PersistenceUnitInfo [name: default]
2023-11-08T11:53:58.762+01:00  INFO 128646 --- [restartedMain] o.h.e.t.j.p.i.JtaPlatformInitiator       : HHH000489: No JTA platform available (set 'hibernate.transaction.jta.platform' to enable JTA platform integration)
2023-11-08T11:53:58.811+01:00  WARN 128646 --- [restartedMain] ConfigServletWebServerApplicationContext : Exception encountered during context initialization - cancelling refresh attempt: org.springframework.beans.factory.UnsatisfiedDependencyException: Error creating bean with name 'authorController': Unsatisfied dependency expressed through field 'authorService': No qualifying bean of type 'org.emmek.beu2w2d3.services.AuthorService' available: expected at least 1 bean which qualifies as autowire candidate. Dependency annotations: {@org.springframework.beans.factory.annotation.Autowired(required=true)}
2023-11-08T11:53:58.853+01:00 ERROR 128646 --- [restartedMain] o.s.b.d.LoggingFailureAnalysisReporter   : 

***************************
APPLICATION FAILED TO START
***************************

Description:

Field authorService in org.emmek.beu2w2d3.controller.AuthorController required a bean of type 'org.emmek.beu2w2d3.services.AuthorService' that could not be found.

The injection point has the following annotations:
	- @org.springframework.beans.factory.annotation.Autowired(required=true)


Action:

Consider defining a bean of type 'org.emmek.beu2w2d3.services.AuthorService' in your configuration.

2023-11-08T11:54:00.325+01:00  INFO 128646 --- [restartedMain] org.emmek.beu2w2d3.EpicodeApplication    : Starting EpicodeApplication using Java 20.0.2 with PID 128646 (/home/kutch/IdeaProjects/be-u2-w2-d3/target/classes started by kutch in /home/kutch/IdeaProjects/be-u2-w2-d3)
2023-11-08T11:54:00.326+01:00 DEBUG 128646 --- [restartedMain] org.emmek.beu2w2d3.EpicodeApplication    : Running with Spring Boot v3.1.5, Spring v6.0.13
2023-11-08T11:54:00.326+01:00  INFO 128646 --- [restartedMain] org.emmek.beu2w2d3.EpicodeApplication    : The following 1 profile is active: "dev"
2023-11-08T11:54:00.605+01:00  INFO 128646 --- [restartedMain] o.hibernate.jpa.internal.util.LogHelper  : HHH000204: Processing PersistenceUnitInfo [name: default]
2023-11-08T11:54:00.687+01:00  INFO 128646 --- [restartedMain] o.h.e.t.j.p.i.JtaPlatformInitiator       : HHH000489: No JTA platform available (set 'hibernate.transaction.jta.platform' to enable JTA platform integration)
2023-11-08T11:54:00.807+01:00  WARN 128646 --- [restartedMain] JpaBaseConfiguration$JpaWebConfiguration : spring.jpa.open-in-view is enabled by default. Therefore, database queries may be performed during view rendering. Explicitly configure spring.jpa.open-in-view to disable this warning
2023-11-08T11:54:00.929+01:00  INFO 128646 --- [restartedMain] org.emmek.beu2w2d3.EpicodeApplication    : Started EpicodeApplication in 0.661 seconds (process running for 59.982)
2023-11-08T11:54:31.848+01:00  INFO 128646 --- [restartedMain] org.emmek.beu2w2d3.EpicodeApplication    : Starting EpicodeApplication using Java 20.0.2 with PID 128646 (/home/kutch/IdeaProjects/be-u2-w2-d3/target/classes started by kutch in /home/kutch/IdeaProjects/be-u2-w2-d3)
2023-11-08T11:54:31.848+01:00 DEBUG 128646 --- [restartedMain] org.emmek.beu2w2d3.EpicodeApplication    : Running with Spring Boot v3.1.5, Spring v6.0.13
2023-11-08T11:54:31.848+01:00  INFO 128646 --- [restartedMain] org.emmek.beu2w2d3.EpicodeApplication    : The following 1 profile is active: "dev"
2023-11-08T11:54:32.143+01:00  INFO 128646 --- [restartedMain] o.hibernate.jpa.internal.util.LogHelper  : HHH000204: Processing PersistenceUnitInfo [name: default]
2023-11-08T11:54:32.210+01:00  INFO 128646 --- [restartedMain] o.h.e.t.j.p.i.JtaPlatformInitiator       : HHH000489: No JTA platform available (set 'hibernate.transaction.jta.platform' to enable JTA platform integration)
2023-11-08T11:54:32.313+01:00  WARN 128646 --- [restartedMain] JpaBaseConfiguration$JpaWebConfiguration : spring.jpa.open-in-view is enabled by default. Therefore, database queries may be performed during view rendering. Explicitly configure spring.jpa.open-in-view to disable this warning
2023-11-08T11:54:32.398+01:00  INFO 128646 --- [restartedMain] org.emmek.beu2w2d3.EpicodeApplication    : Started EpicodeApplication in 0.575 seconds (process running for 91.452)
2023-11-08T11:54:43.913+01:00  INFO 128646 --- [restartedMain] org.emmek.beu2w2d3.EpicodeApplication    : Starting EpicodeApplication using Java 20.0.2 with PID 128646 (/home/kutch/IdeaProjects/be-u2-w2-d3/target/classes started by kutch in /home/kutch/IdeaProjects/be-u2-w2-d3)
2023-11-08T11:54:43.913+01:00 DEBUG 128646 --- [restartedMain] org.emmek.beu2w2d3.EpicodeApplication    : Running with Spring Boot v3.1.5, Spring v6.0.13
2023-11-08T11:54:43.913+01:00  INFO 128646 --- [restartedMain] org.emmek.beu2w2d3.EpicodeApplication    : The following 1 profile is active: "dev"
2023-11-08T11:54:44.263+01:00  INFO 128646 --- [restartedMain] o.hibernate.jpa.internal.util.LogHelper  : HHH000204: Processing PersistenceUnitInfo [name: default]
2023-11-08T11:54:44.403+01:00  INFO 128646 --- [restartedMain] o.h.e.t.j.p.i.JtaPlatformInitiator       : HHH000489: No JTA platform available (set 'hibernate.transaction.jta.platform' to enable JTA platform integration)
2023-11-08T11:54:44.568+01:00  WARN 128646 --- [restartedMain] JpaBaseConfiguration$JpaWebConfiguration : spring.jpa.open-in-view is enabled by default. Therefore, database queries may be performed during view rendering. Explicitly configure spring.jpa.open-in-view to disable this warning
2023-11-08T11:54:44.667+01:00  INFO 128646 --- [restartedMain] org.emmek.beu2w2d3.EpicodeApplication    : Started EpicodeApplication in 0.782 seconds (process running for 103.72)
2023-11-08T11:54:46.213+01:00  INFO 128646 --- [restartedMain] org.emmek.beu2w2d3.EpicodeApplication    : Starting EpicodeApplication using Java 20.0.2 with PID 128646 (/home/kutch/IdeaProjects/be-u2-w2-d3/target/classes started by kutch in /home/kutch/IdeaProjects/be-u2-w2-d3)
2023-11-08T11:54:46.214+01:00 DEBUG 128646 --- [restartedMain] org.emmek.beu2w2d3.EpicodeApplication    : Running with Spring Boot v3.1.5, Spring v6.0.13
2023-11-08T11:54:46.214+01:00  INFO 128646 --- [restartedMain] org.emmek.beu2w2d3.EpicodeApplication    : The following 1 profile is active: "dev"
2023-11-08T11:54:46.462+01:00  INFO 128646 --- [restartedMain] o.hibernate.jpa.internal.util.LogHelper  : HHH000204: Processing PersistenceUnitInfo [name: default]
2023-11-08T11:54:46.544+01:00  INFO 128646 --- [restartedMain] o.h.e.t.j.p.i.JtaPlatformInitiator       : HHH000489: No JTA platform available (set 'hibernate.transaction.jta.platform' to enable JTA platform integration)
2023-11-08T11:54:46.660+01:00  WARN 128646 --- [restartedMain] JpaBaseConfiguration$JpaWebConfiguration : spring.jpa.open-in-view is enabled by default. Therefore, database queries may be performed during view rendering. Explicitly configure spring.jpa.open-in-view to disable this warning
2023-11-08T11:54:46.739+01:00  INFO 128646 --- [restartedMain] org.emmek.beu2w2d3.EpicodeApplication    : Started EpicodeApplication in 0.554 seconds (process running for 105.793)
2023-11-08T11:56:16.378+01:00  INFO 128646 --- [restartedMain] org.emmek.beu2w2d3.EpicodeApplication    : Starting EpicodeApplication using Java 20.0.2 with PID 128646 (/home/kutch/IdeaProjects/be-u2-w2-d3/target/classes started by kutch in /home/kutch/IdeaProjects/be-u2-w2-d3)
2023-11-08T11:56:16.378+01:00 DEBUG 128646 --- [restartedMain] org.emmek.beu2w2d3.EpicodeApplication    : Running with Spring Boot v3.1.5, Spring v6.0.13
2023-11-08T11:56:16.378+01:00  INFO 128646 --- [restartedMain] org.emmek.beu2w2d3.EpicodeApplication    : The following 1 profile is active: "dev"
2023-11-08T11:56:16.667+01:00  INFO 128646 --- [restartedMain] o.hibernate.jpa.internal.util.LogHelper  : HHH000204: Processing PersistenceUnitInfo [name: default]
2023-11-08T11:56:16.763+01:00  INFO 128646 --- [restartedMain] o.h.e.t.j.p.i.JtaPlatformInitiator       : HHH000489: No JTA platform available (set 'hibernate.transaction.jta.platform' to enable JTA platform integration)
2023-11-08T11:56:16.898+01:00  WARN 128646 --- [restartedMain] JpaBaseConfiguration$JpaWebConfiguration : spring.jpa.open-in-view is enabled by default. Therefore, database queries may be performed during view rendering. Explicitly configure spring.jpa.open-in-view to disable this warning
2023-11-08T11:56:16.996+01:00  INFO 128646 --- [restartedMain] org.emmek.beu2w2d3.EpicodeApplication    : Started EpicodeApplication in 0.645 seconds (process running for 196.049)
2023-11-08T11:57:56.663+01:00  INFO 128646 --- [restartedMain] org.emmek.beu2w2d3.EpicodeApplication    : Starting EpicodeApplication using Java 20.0.2 with PID 128646 (/home/kutch/IdeaProjects/be-u2-w2-d3/target/classes started by kutch in /home/kutch/IdeaProjects/be-u2-w2-d3)
2023-11-08T11:57:56.664+01:00 DEBUG 128646 --- [restartedMain] org.emmek.beu2w2d3.EpicodeApplication    : Running with Spring Boot v3.1.5, Spring v6.0.13
2023-11-08T11:57:56.664+01:00  INFO 128646 --- [restartedMain] org.emmek.beu2w2d3.EpicodeApplication    : The following 1 profile is active: "dev"
2023-11-08T11:57:56.948+01:00  INFO 128646 --- [restartedMain] o.hibernate.jpa.internal.util.LogHelper  : HHH000204: Processing PersistenceUnitInfo [name: default]
2023-11-08T11:57:57.012+01:00  INFO 128646 --- [restartedMain] o.h.e.t.j.p.i.JtaPlatformInitiator       : HHH000489: No JTA platform available (set 'hibernate.transaction.jta.platform' to enable JTA platform integration)
2023-11-08T11:57:57.146+01:00  WARN 128646 --- [restartedMain] JpaBaseConfiguration$JpaWebConfiguration : spring.jpa.open-in-view is enabled by default. Therefore, database queries may be performed during view rendering. Explicitly configure spring.jpa.open-in-view to disable this warning
2023-11-08T11:57:57.266+01:00  INFO 128646 --- [restartedMain] org.emmek.beu2w2d3.EpicodeApplication    : Started EpicodeApplication in 0.629 seconds (process running for 296.319)
2023-11-08T11:57:58.739+01:00  INFO 128646 --- [restartedMain] org.emmek.beu2w2d3.EpicodeApplication    : Starting EpicodeApplication using Java 20.0.2 with PID 128646 (/home/kutch/IdeaProjects/be-u2-w2-d3/target/classes started by kutch in /home/kutch/IdeaProjects/be-u2-w2-d3)
2023-11-08T11:57:58.740+01:00 DEBUG 128646 --- [restartedMain] org.emmek.beu2w2d3.EpicodeApplication    : Running with Spring Boot v3.1.5, Spring v6.0.13
2023-11-08T11:57:58.740+01:00  INFO 128646 --- [restartedMain] org.emmek.beu2w2d3.EpicodeApplication    : The following 1 profile is active: "dev"
2023-11-08T11:57:58.960+01:00  INFO 128646 --- [restartedMain] o.hibernate.jpa.internal.util.LogHelper  : HHH000204: Processing PersistenceUnitInfo [name: default]
2023-11-08T11:57:59.030+01:00  INFO 128646 --- [restartedMain] o.h.e.t.j.p.i.JtaPlatformInitiator       : HHH000489: No JTA platform available (set 'hibernate.transaction.jta.platform' to enable JTA platform integration)
2023-11-08T11:57:59.129+01:00  WARN 128646 --- [restartedMain] JpaBaseConfiguration$JpaWebConfiguration : spring.jpa.open-in-view is enabled by default. Therefore, database queries may be performed during view rendering. Explicitly configure spring.jpa.open-in-view to disable this warning
2023-11-08T11:57:59.200+01:00  INFO 128646 --- [restartedMain] org.emmek.beu2w2d3.EpicodeApplication    : Started EpicodeApplication in 0.484 seconds (process running for 298.253)
2023-11-08T11:58:51.154+01:00  INFO 128646 --- [restartedMain] org.emmek.beu2w2d3.EpicodeApplication    : Starting EpicodeApplication using Java 20.0.2 with PID 128646 (/home/kutch/IdeaProjects/be-u2-w2-d3/target/classes started by kutch in /home/kutch/IdeaProjects/be-u2-w2-d3)
2023-11-08T11:58:51.154+01:00 DEBUG 128646 --- [restartedMain] org.emmek.beu2w2d3.EpicodeApplication    : Running with Spring Boot v3.1.5, Spring v6.0.13
2023-11-08T11:58:51.155+01:00  INFO 128646 --- [restartedMain] org.emmek.beu2w2d3.EpicodeApplication    : The following 1 profile is active: "dev"
2023-11-08T11:58:51.369+01:00  INFO 128646 --- [restartedMain] o.hibernate.jpa.internal.util.LogHelper  : HHH000204: Processing PersistenceUnitInfo [name: default]
2023-11-08T11:58:51.430+01:00  INFO 128646 --- [restartedMain] o.h.e.t.j.p.i.JtaPlatformInitiator       : HHH000489: No JTA platform available (set 'hibernate.transaction.jta.platform' to enable JTA platform integration)
2023-11-08T11:58:51.522+01:00  WARN 128646 --- [restartedMain] JpaBaseConfiguration$JpaWebConfiguration : spring.jpa.open-in-view is enabled by default. Therefore, database queries may be performed during view rendering. Explicitly configure spring.jpa.open-in-view to disable this warning
2023-11-08T11:58:51.576+01:00  INFO 128646 --- [restartedMain] org.emmek.beu2w2d3.EpicodeApplication    : Started EpicodeApplication in 0.449 seconds (process running for 350.629)
